  [1m[36mResultData Pluck (0.1ms)[0m  [1m[34mSELECT "result_data"."subject" FROM "result_data" WHERE (created_at >= '2024-07-24 23:59:59.999999' AND created_at < '2024-07-25 23:59:59.999999')[0m
  ↳ app/Calculation/daily_result_stats_calculator.rb:4:in `daily_result'
  [1m[36mResultData Minimum (0.1ms)[0m  [1m[34mSELECT MIN("result_data"."marks") FROM "result_data" WHERE (created_at >= '2024-07-24 23:59:59.999999' AND created_at < '2024-07-25 23:59:59.999999') AND "result_data"."subject" = ?[0m  [["subject", "English"]]
  ↳ app/Calculation/daily_result_stats_calculator.rb:7:in `block in daily_result'
  [1m[36mResultData Maximum (0.1ms)[0m  [1m[34mSELECT MAX("result_data"."marks") FROM "result_data" WHERE (created_at >= '2024-07-24 23:59:59.999999' AND created_at < '2024-07-25 23:59:59.999999') AND "result_data"."subject" = ?[0m  [["subject", "English"]]
  ↳ app/Calculation/daily_result_stats_calculator.rb:8:in `block in daily_result'
  [1m[36mResultData Count (0.1ms)[0m  [1m[34mSELECT COUNT(*) FROM "result_data" WHERE (created_at >= '2024-07-24 23:59:59.999999' AND created_at < '2024-07-25 23:59:59.999999') AND "result_data"."subject" = ?[0m  [["subject", "English"]]
  ↳ app/Calculation/daily_result_stats_calculator.rb:9:in `block in daily_result'
  [1m[36mTRANSACTION (0.1ms)[0m  [1m[36mbegin transaction[0m
  ↳ app/Calculation/daily_result_stats_calculator.rb:11:in `block in daily_result'
  [1m[36mDailyResultStat Create (0.9ms)[0m  [1m[32mINSERT INTO "daily_result_stats" ("date", "subject", "daily_low", "daily_high", "result_count", "created_at", "updated_at") VALUES (?, ?, ?, ?, ?, ?, ?) RETURNING "id"[0m  [["date", "2024-07-24"], ["subject", "English"], ["daily_low", 21.0], ["daily_high", 98.0], ["result_count", 11], ["created_at", "2024-07-25 12:35:03.559513"], ["updated_at", "2024-07-25 12:35:03.559513"]]
  ↳ app/Calculation/daily_result_stats_calculator.rb:11:in `block in daily_result'
  [1m[36mTRANSACTION (0.1ms)[0m  [1m[36mcommit transaction[0m
  ↳ app/Calculation/daily_result_stats_calculator.rb:11:in `block in daily_result'
  [1m[36mResultData Minimum (0.1ms)[0m  [1m[34mSELECT MIN("result_data"."marks") FROM "result_data" WHERE (created_at >= '2024-07-24 23:59:59.999999' AND created_at < '2024-07-25 23:59:59.999999') AND "result_data"."subject" = ?[0m  [["subject", "Science"]]
  ↳ app/Calculation/daily_result_stats_calculator.rb:7:in `block in daily_result'
  [1m[36mResultData Maximum (0.1ms)[0m  [1m[34mSELECT MAX("result_data"."marks") FROM "result_data" WHERE (created_at >= '2024-07-24 23:59:59.999999' AND created_at < '2024-07-25 23:59:59.999999') AND "result_data"."subject" = ?[0m  [["subject", "Science"]]
  ↳ app/Calculation/daily_result_stats_calculator.rb:8:in `block in daily_result'
  [1m[36mResultData Count (0.1ms)[0m  [1m[34mSELECT COUNT(*) FROM "result_data" WHERE (created_at >= '2024-07-24 23:59:59.999999' AND created_at < '2024-07-25 23:59:59.999999') AND "result_data"."subject" = ?[0m  [["subject", "Science"]]
  ↳ app/Calculation/daily_result_stats_calculator.rb:9:in `block in daily_result'
  [1m[36mTRANSACTION (0.0ms)[0m  [1m[36mbegin transaction[0m
  ↳ app/Calculation/daily_result_stats_calculator.rb:11:in `block in daily_result'
  [1m[36mDailyResultStat Create (0.7ms)[0m  [1m[32mINSERT INTO "daily_result_stats" ("date", "subject", "daily_low", "daily_high", "result_count", "created_at", "updated_at") VALUES (?, ?, ?, ?, ?, ?, ?) RETURNING "id"[0m  [["date", "2024-07-24"], ["subject", "Science"], ["daily_low", 48.0], ["daily_high", 97.0], ["result_count", 6], ["created_at", "2024-07-25 12:35:03.564674"], ["updated_at", "2024-07-25 12:35:03.564674"]]
  ↳ app/Calculation/daily_result_stats_calculator.rb:11:in `block in daily_result'
  [1m[36mTRANSACTION (0.1ms)[0m  [1m[36mcommit transaction[0m
  ↳ app/Calculation/daily_result_stats_calculator.rb:11:in `block in daily_result'
